<?xml version="1.0" encoding="UTF-8"?>
<!-- Generated by org.testng.reporters.JUnitReportReporter -->
<testsuite hostname="GOSHALPRASAD" failures="2" tests="4" name="com.unifiedframework.api.runner.API_Runner" time="8.956" errors="0" timestamp="2023-06-07T19:04:49 IST" skipped="0">
  <testcase classname="com.unifiedframework.api.runner.API_Runner" name="runScenario" time="1.009">
    <failure message="expected [200] but found [405]" type="java.lang.AssertionError">
      <![CDATA[java.lang.AssertionError: expected [200] but found [405]
at org.testng.Assert.fail(Assert.java:99)
at org.testng.Assert.failNotEquals(Assert.java:1037)
at org.testng.Assert.assertEqualsImpl(Assert.java:140)
at org.testng.Assert.assertEquals(Assert.java:122)
at org.testng.Assert.assertEquals(Assert.java:907)
at org.testng.Assert.assertEquals(Assert.java:917)
at com.unifiedframework.api.stepdefinitions.APISteps.a_success_response_is_received(APISteps.java:192)
at ✽.a success response is received(file:///D:/Selenium/Eclipse20-23/UnifiedFramework/src/test/java/com/unifiedframework/api/features/UpdateUser.feature:7)
]]>
    </failure>
  </testcase> <!-- runScenario -->
  <system-out/>
  <testcase classname="com.unifiedframework.api.runner.API_Runner" name="runScenario" time="0.704"/>
  <system-out/>
  <testcase classname="com.unifiedframework.api.runner.API_Runner" name="runScenario" time="5.568">
    <failure message="expected [200] but found [405]" type="java.lang.AssertionError">
      <![CDATA[java.lang.AssertionError: expected [200] but found [405]
at org.testng.Assert.fail(Assert.java:99)
at org.testng.Assert.failNotEquals(Assert.java:1037)
at org.testng.Assert.assertEqualsImpl(Assert.java:140)
at org.testng.Assert.assertEquals(Assert.java:122)
at org.testng.Assert.assertEquals(Assert.java:907)
at org.testng.Assert.assertEquals(Assert.java:917)
at com.unifiedframework.api.stepdefinitions.APISteps.a_success_response_is_received(APISteps.java:192)
at ✽.a success response is received(file:///D:/Selenium/Eclipse20-23/UnifiedFramework/src/test/java/com/unifiedframework/api/features/DeleteUser.feature:7)
]]>
    </failure>
  </testcase> <!-- runScenario -->
  <system-out/>
  <testcase classname="com.unifiedframework.api.runner.API_Runner" name="runScenario" time="1.675"/>
  <system-out/>
</testsuite> <!-- com.unifiedframework.api.runner.API_Runner -->
